Arguments: 
  /Users/federicoghedina/.nvm/versions/node/v12.16.1/bin/node /usr/local/Cellar/yarn/1.22.10/libexec/bin/yarn.js

PATH: 
  /Users/federicoghedina/.nvm/versions/node/v12.16.1/bin:/usr/local/opt/mysql-client/bin:/Users/federicoghedina/Library/Android/sdk/build-tools/23.0.1:/Users/federicoghedina/Library/Android/sdk/platform-tools:/Users/federicoghedina/Library/Android/sdk/emulator:/Users/federicoghedina/Library/Android/sdk/tools:/Users/federicoghedina/Library/Android/sdk/platform-tools:/Users/federicoghedina/.nvm/versions/node/v6.11.2:/usr/local/sbin:/usr/local/php5/bin:/usr/local/mysql/bin:/usr/local/bin:/usr/local/bin:/usr/local/bin:/usr/bin:/bin:/usr/sbin:/sbin:/opt/X11/bin:/Applications/Wireshark.app/Contents/MacOS:/Users/federicoghedina/.nvm/versions/node/v12.16.1/bin:/usr/local/opt/mysql-client/bin:/Users/federicoghedina/Library/Android/sdk/build-tools/23.0.1:/Users/federicoghedina/Library/Android/sdk/platform-tools:/Users/federicoghedina/Library/Android/sdk/emulator:/Users/federicoghedina/Library/Android/sdk/tools:/Users/federicoghedina/.nvm/versions/node/v6.11.2:/usr/local/sbin:/usr/local/php5/bin:/usr/local/mysql/bin:/Users/federicoghedina/bin:/Applications/nwjs-sdk-v0.24.4-osx-x64/nwjs.app/Contents/MacOS:/usr/local/Cellar/kafka/1.0.0/bin:/usr/local/mongodb/bin:/Users/federicoghedina/bin:/Applications/nwjs-sdk-v0.24.4-osx-x64/nwjs.app/Contents/MacOS:/usr/local/Cellar/kafka/1.0.0/bin:/usr/local/mongodb/bin

Yarn version: 
  1.22.10

Node version: 
  12.16.1

Platform: 
  darwin x64

Trace: 
  SyntaxError: /Users/federicoghedina/htdocs/react-hypertable/package.json: Unexpected token } in JSON at position 1607
      at JSON.parse (<anonymous>)
      at /usr/local/Cellar/yarn/1.22.10/libexec/lib/cli.js:1625:59
      at Generator.next (<anonymous>)
      at step (/usr/local/Cellar/yarn/1.22.10/libexec/lib/cli.js:310:30)
      at /usr/local/Cellar/yarn/1.22.10/libexec/lib/cli.js:321:13

npm manifest: 
  {
    "name": "react-hypertable",
    "version": "0.0.0",
    "description": "react table on steroids",
    "main": "index.js",
    "scripts": {
      "start": "webpack serve --open --config source/webpack.dev.js",
      "build": "webpack --config source/webpack.prod.js",
      "test": "echo \"Error: no test specified\" && exit 1"
    },
    "repository": {
      "type": "git",
      "url": "git+https://github.com/fedeghe/react-hypertable.git"
    },
    "keywords": [],
    "author": "",
    "license": "ISC",
    "bugs": {
      "url": "https://github.com/fedeghe/react-hypertable/issues"
    },
    "homepage": "https://github.com/fedeghe/react-hypertable#readme",
    "devDependencies": {
      "@babel/core": "^7.12.9",
      "@babel/plugin-transform-runtime": "^7.12.10",
      "@babel/preset-env": "^7.12.7",
      "@babel/preset-react": "^7.12.7",
      "@testing-library/jest-dom": "^5.11.9",
      "@testing-library/react": "^11.2.5",
      "@testing-library/user-event": "^12.5.0",
      "babel-cli": "^6.26.0",
      "babel-jest": "^26.6.3",
      "babel-loader": "^8.2.2",
      "babel-preset-env": "^1.7.0",
      "clean-webpack-plugin": "^3.0.0",
      "css-loader": "^5.0.2",
      "html-webpack-plugin": "^5.0.0",
      "jest": "^26.6.3",
      "less": "^4.1.1",
      "less-loader": "^8.0.0",
      "perf-monitor": "^0.4.1",
      "regenerator-runtime": "^0.13.7",
      "style-loader": "^2.0.0",
      "uglifyjs-webpack-plugin": "^2.2.0",
      "webpack": "^5.19.0",
      "webpack-cli": "^4.4.0",
      "webpack-dev-server": "^3.11.2"
    },
    "dependencies": {
      "jss": "^10.5.1",
      "jss-preset-default": "^10.5.1",
      "react": "^17.0.1",
      "react-dom": "^17.0.1",
    }
  }

yarn manifest: 
  No manifest

Lockfile: 
  No lockfile
